Command line invocation:
    /Applications/Xcode.app/Contents/Developer/usr/bin/xcodebuild -project TruchieEmu.xcodeproj -scheme TruchieEmu -arch arm64 build

Build settings from command line:
    ARCHS = arm64

--- xcodebuild: WARNING: Using the first of multiple matching destinations:
{ platform:macOS, arch:arm64, id:00006020-0001089002C0C01E, name:My Mac }
{ platform:macOS, arch:x86_64, id:00006020-0001089002C0C01E, name:My Mac }
{ platform:macOS, name:Any Mac }
ComputePackagePrebuildTargetDependencyGraph

Prepare packages

CreateBuildRequest

SendProjectDescription

CreateBuildOperation

ComputeTargetDependencyGraph
note: Building targets in dependency order
note: Target dependency graph (1 target)
    Target 'TruchieEmu' in project 'TruchieEmu' (no dependencies)

GatherProvisioningInputs

CreateBuildDescription

ClangStatCache /Applications/Xcode.app/Contents/Developer/Toolchains/XcodeDefault.xctoolchain/usr/bin/clang-stat-cache /Applications/Xcode.app/Contents/Developer/Platforms/MacOSX.platform/Developer/SDKs/MacOSX26.4.sdk /Users/jayjay/Library/Developer/Xcode/DerivedData/SDKStatCaches.noindex/macosx26.4-25E236-688ef53f1462e2c8f657fdc38a81448f30f9ca8789b706f8bd3fc906a70d770f.sdkstatcache
    cd /Users/jayjay/gitrepos/truchiemu/TruchieEmu.xcodeproj
    /Applications/Xcode.app/Contents/Developer/Toolchains/XcodeDefault.xctoolchain/usr/bin/clang-stat-cache /Applications/Xcode.app/Contents/Developer/Platforms/MacOSX.platform/Developer/SDKs/MacOSX26.4.sdk -o /Users/jayjay/Library/Developer/Xcode/DerivedData/SDKStatCaches.noindex/macosx26.4-25E236-688ef53f1462e2c8f657fdc38a81448f30f9ca8789b706f8bd3fc906a70d770f.sdkstatcache

CompileC /Users/jayjay/Library/Developer/Xcode/DerivedData/TruchieEmu-alcfinswigbcsuemhksixsvdwjda/Build/Intermediates.noindex/TruchieEmu.build/Debug/TruchieEmu.build/Objects-normal/arm64/LibretroBridge.o /Users/jayjay/gitrepos/truchiemu/TruchieEmu/Engine/LibretroBridge.mm normal arm64 objective-c++ com.apple.compilers.llvm.clang.1_0.compiler (in target 'TruchieEmu' from project 'TruchieEmu')
    cd /Users/jayjay/gitrepos/truchiemu
    
    Using response file: /Users/jayjay/Library/Developer/Xcode/DerivedData/TruchieEmu-alcfinswigbcsuemhksixsvdwjda/Build/Intermediates.noindex/TruchieEmu.build/Debug/TruchieEmu.build/Objects-normal/arm64/af3fcb34312c57c0f52879cdce924b91-common-args.resp
    
    /Applications/Xcode.app/Contents/Developer/Toolchains/XcodeDefault.xctoolchain/usr/bin/clang -x objective-c++ -ivfsstatcache /Users/jayjay/Library/Developer/Xcode/DerivedData/SDKStatCaches.noindex/macosx26.4-25E236-688ef53f1462e2c8f657fdc38a81448f30f9ca8789b706f8bd3fc906a70d770f.sdkstatcache -target arm64-apple-macos14.0 -fmessage-length\=0 -fdiagnostics-show-note-include-stack -fmacro-backtrace-limit\=0 -fno-color-diagnostics -fmodules-prune-interval\=86400 -fmodules-prune-after\=345600 -fbuild-session-file\=/Users/jayjay/Library/Developer/Xcode/DerivedData/ModuleCache.noindex/Session.modulevalidation -fmodules-validate-once-per-build-session -Wnon-modular-include-in-framework-module -Werror\=non-modular-include-in-framework-module -Wno-trigraphs -Wno-missing-field-initializers -Wno-missing-prototypes -Werror\=return-type -Wdocumentation -Wunreachable-code -Wquoted-include-in-framework-header -Wno-implicit-atomic-properties -Werror\=deprecated-objc-isa-usage -Wno-objc-interface-ivars -Werror\=objc-root-class -Wno-arc-repeated-use-of-weak -Wimplicit-retain-self -Wno-non-virtual-dtor -Wno-overloaded-virtual -Wno-exit-time-destructors -Wduplicate-method-match -Wno-missing-braces -Wparentheses -Wswitch -Wunused-function -Wno-unused-label -Wno-unused-parameter -Wunused-variable -Wunused-value -Wempty-body -Wuninitialized -Wconditional-uninitialized -Wno-unknown-pragmas -Wno-shadow -Wno-four-char-constants -Wno-conversion -Wconstant-conversion -Wint-conversion -Wbool-conversion -Wenum-conversion -Wno-float-conversion -Wnon-literal-null-conversion -Wobjc-literal-conversion -Wshorten-64-to-32 -Wno-newline-eof -Wno-selector -Wno-strict-selector-match -Wundeclared-selector -Wdeprecated-implementations -Wno-c++11-extensions -Wno-implicit-fallthrough -isysroot /Applications/Xcode.app/Contents/Developer/Platforms/MacOSX.platform/Developer/SDKs/MacOSX26.4.sdk -fstrict-aliasing -Wprotocol -Wdeprecated-declarations -Winvalid-offsetof -Wno-sign-conversion -Winfinite-recursion -Wmove -Wcomma -Wblock-capture-autoreleasing -Wstrict-prototypes -Wrange-loop-analysis -Wno-semicolon-before-method-body -Wunguarded-availability -index-store-path /Users/jayjay/Library/Developer/Xcode/DerivedData/TruchieEmu-alcfinswigbcsuemhksixsvdwjda/Index.noindex/DataStore @/Users/jayjay/Library/Developer/Xcode/DerivedData/TruchieEmu-alcfinswigbcsuemhksixsvdwjda/Build/Intermediates.noindex/TruchieEmu.build/Debug/TruchieEmu.build/Objects-normal/arm64/af3fcb34312c57c0f52879cdce924b91-common-args.resp -MMD -MT dependencies -MF /Users/jayjay/Library/Developer/Xcode/DerivedData/TruchieEmu-alcfinswigbcsuemhksixsvdwjda/Build/Intermediates.noindex/TruchieEmu.build/Debug/TruchieEmu.build/Objects-normal/arm64/LibretroBridge.d --serialize-diagnostics /Users/jayjay/Library/Developer/Xcode/DerivedData/TruchieEmu-alcfinswigbcsuemhksixsvdwjda/Build/Intermediates.noindex/TruchieEmu.build/Debug/TruchieEmu.build/Objects-normal/arm64/LibretroBridge.dia -c /Users/jayjay/gitrepos/truchiemu/TruchieEmu/Engine/LibretroBridge.mm -o /Users/jayjay/Library/Developer/Xcode/DerivedData/TruchieEmu-alcfinswigbcsuemhksixsvdwjda/Build/Intermediates.noindex/TruchieEmu.build/Debug/TruchieEmu.build/Objects-normal/arm64/LibretroBridge.o -index-unit-output-path /TruchieEmu.build/Debug/TruchieEmu.build/Objects-normal/arm64/LibretroBridge.o
/Users/jayjay/gitrepos/truchiemu/TruchieEmu/Engine/LibretroBridge.mm:21:60: error: cannot initialize a parameter of type 'VideoCallback _Nullable' (aka 'void (^)(const void * _Nonnull, int, int, size_t, int)') with an lvalue of type 'void (^__strong _Nonnull)(const void *, int, int, int, int)'
   21 |     [[LibretroProxyManager sharedManager] setVideoCallback:videoCallback];
      |                                                            ^~~~~~~~~~~~~
In file included from /Users/jayjay/gitrepos/truchiemu/TruchieEmu/Engine/LibretroBridge.mm:3:
/Users/jayjay/gitrepos/truchiemu/TruchieEmu/Engine/LibretroProxyManager.h:13:53: note: passing argument to parameter 'videoCallback' here
   13 | @property (nonatomic, copy, nullable) VideoCallback videoCallback;
      |                                                     ^
/Users/jayjay/gitrepos/truchiemu/TruchieEmu/Engine/LibretroBridge.mm:79:1: warning: conflicting return type in implementation of 'serializeSize': 'size_t' (aka 'unsigned long') vs 'int' [-Wmismatched-return-types]
   79 | + (int)serializeSize { return 1024 * 1024; /* stub */ }
      | ^  ~~~
In file included from /Users/jayjay/gitrepos/truchiemu/TruchieEmu/Engine/LibretroBridge.mm:4:
/Users/jayjay/gitrepos/truchiemu/TruchieEmu/Engine/LibretroBridge.h:37:1: note: previous definition is here
   37 | + (size_t)serializeSize;
      | ^  ~~~~~~
/Users/jayjay/gitrepos/truchiemu/TruchieEmu/Engine/LibretroBridge.mm:7:17: warning: method definition for 'loadCoreForOptions:coreID:' not found [-Wincomplete-implementation]
    7 | @implementation LibretroBridge
      |                 ^
In file included from /Users/jayjay/gitrepos/truchiemu/TruchieEmu/Engine/LibretroBridge.mm:4:
/Users/jayjay/gitrepos/truchiemu/TruchieEmu/Engine/LibretroBridge.h:40:1: note: method 'loadCoreForOptions:coreID:' declared here
   40 | + (void)loadCoreForOptions:(NSString *)dylibPath coreID:(NSString *)coreID;
      | ^
/Users/jayjay/gitrepos/truchiemu/TruchieEmu/Engine/LibretroBridge.mm:7:17: warning: method definition for 'isCoreLoadedForOptions' not found [-Wincomplete-implementation]
    7 | @implementation LibretroBridge
      |                 ^
In file included from /Users/jayjay/gitrepos/truchiemu/TruchieEmu/Engine/LibretroBridge.mm:4:
/Users/jayjay/gitrepos/truchiemu/TruchieEmu/Engine/LibretroBridge.h:41:1: note: method 'isCoreLoadedForOptions' declared here
   41 | + (BOOL)isCoreLoadedForOptions;
      | ^
/Users/jayjay/gitrepos/truchiemu/TruchieEmu/Engine/LibretroBridge.mm:7:17: warning: method definition for 'getOptionValueForKey:' not found [-Wincomplete-implementation]
    7 | @implementation LibretroBridge
      |                 ^
In file included from /Users/jayjay/gitrepos/truchiemu/TruchieEmu/Engine/LibretroBridge.mm:4:
/Users/jayjay/gitrepos/truchiemu/TruchieEmu/Engine/LibretroBridge.h:44:1: note: method 'getOptionValueForKey:' declared here
   44 | + (nullable NSString *)getOptionValueForKey:(NSString *)key;
      | ^
/Users/jayjay/gitrepos/truchiemu/TruchieEmu/Engine/LibretroBridge.mm:7:17: warning: method definition for 'resetOptionToDefaultForKey:' not found [-Wincomplete-implementation]
    7 | @implementation LibretroBridge
      |                 ^
In file included from /Users/jayjay/gitrepos/truchiemu/TruchieEmu/Engine/LibretroBridge.mm:4:
/Users/jayjay/gitrepos/truchiemu/TruchieEmu/Engine/LibretroBridge.h:46:1: note: method 'resetOptionToDefaultForKey:' declared here
   46 | + (void)resetOptionToDefaultForKey:(NSString *)key;
      | ^
/Users/jayjay/gitrepos/truchiemu/TruchieEmu/Engine/LibretroBridge.mm:7:17: warning: method definition for 'setCheatEnabled:code:enabled:' not found [-Wincomplete-implementation]
    7 | @implementation LibretroBridge
      |                 ^
In file included from /Users/jayjay/gitrepos/truchiemu/TruchieEmu/Engine/LibretroBridge.mm:4:
/Users/jayjay/gitrepos/truchiemu/TruchieEmu/Engine/LibretroBridge.h:59:1: note: method 'setCheatEnabled:code:enabled:' declared here
   59 | + (void)setCheatEnabled:(int)index code:(NSString *)code enabled:(BOOL)enabled;
      | ^
/Users/jayjay/gitrepos/truchiemu/TruchieEmu/Engine/LibretroBridge.mm:7:17: warning: method definition for 'resetCheats' not found [-Wincomplete-implementation]
    7 | @implementation LibretroBridge
      |                 ^
In file included from /Users/jayjay/gitrepos/truchiemu/TruchieEmu/Engine/LibretroBridge.mm:4:
/Users/jayjay/gitrepos/truchiemu/TruchieEmu/Engine/LibretroBridge.h:60:1: note: method 'resetCheats' declared here
   60 | + (void)resetCheats;
      | ^
/Users/jayjay/gitrepos/truchiemu/TruchieEmu/Engine/LibretroBridge.mm:7:17: warning: method definition for 'getMemoryData:size:' not found [-Wincomplete-implementation]
    7 | @implementation LibretroBridge
      |                 ^
In file included from /Users/jayjay/gitrepos/truchiemu/TruchieEmu/Engine/LibretroBridge.mm:4:
/Users/jayjay/gitrepos/truchiemu/TruchieEmu/Engine/LibretroBridge.h:65:1: note: method 'getMemoryData:size:' declared here
   65 | + (nullable void *)getMemoryData:(unsigned)type
      | ^
/Users/jayjay/gitrepos/truchiemu/TruchieEmu/Engine/LibretroBridge.mm:7:17: warning: method definition for 'writeMemoryByte:value:' not found [-Wincomplete-implementation]
    7 | @implementation LibretroBridge
      |                 ^
In file included from /Users/jayjay/gitrepos/truchiemu/TruchieEmu/Engine/LibretroBridge.mm:4:
/Users/jayjay/gitrepos/truchiemu/TruchieEmu/Engine/LibretroBridge.h:69:1: note: method 'writeMemoryByte:value:' declared here
   69 | + (void)writeMemoryByte:(uint32_t)address value:(uint8_t)value;
      | ^
9 warnings and 1 error generated.

CompileC /Users/jayjay/Library/Developer/Xcode/DerivedData/TruchieEmu-alcfinswigbcsuemhksixsvdwjda/Build/Intermediates.noindex/TruchieEmu.build/Debug/TruchieEmu.build/Objects-normal/arm64/LibretroProxyManager.o /Users/jayjay/gitrepos/truchiemu/TruchieEmu/Engine/LibretroProxyManager.mm normal arm64 objective-c++ com.apple.compilers.llvm.clang.1_0.compiler (in target 'TruchieEmu' from project 'TruchieEmu')
    cd /Users/jayjay/gitrepos/truchiemu
    
    Using response file: /Users/jayjay/Library/Developer/Xcode/DerivedData/TruchieEmu-alcfinswigbcsuemhksixsvdwjda/Build/Intermediates.noindex/TruchieEmu.build/Debug/TruchieEmu.build/Objects-normal/arm64/af3fcb34312c57c0f52879cdce924b91-common-args.resp
    
    /Applications/Xcode.app/Contents/Developer/Toolchains/XcodeDefault.xctoolchain/usr/bin/clang -x objective-c++ -ivfsstatcache /Users/jayjay/Library/Developer/Xcode/DerivedData/SDKStatCaches.noindex/macosx26.4-25E236-688ef53f1462e2c8f657fdc38a81448f30f9ca8789b706f8bd3fc906a70d770f.sdkstatcache -target arm64-apple-macos14.0 -fmessage-length\=0 -fdiagnostics-show-note-include-stack -fmacro-backtrace-limit\=0 -fno-color-diagnostics -fmodules-prune-interval\=86400 -fmodules-prune-after\=345600 -fbuild-session-file\=/Users/jayjay/Library/Developer/Xcode/DerivedData/ModuleCache.noindex/Session.modulevalidation -fmodules-validate-once-per-build-session -Wnon-modular-include-in-framework-module -Werror\=non-modular-include-in-framework-module -Wno-trigraphs -Wno-missing-field-initializers -Wno-missing-prototypes -Werror\=return-type -Wdocumentation -Wunreachable-code -Wquoted-include-in-framework-header -Wno-implicit-atomic-properties -Werror\=deprecated-objc-isa-usage -Wno-objc-interface-ivars -Werror\=objc-root-class -Wno-arc-repeated-use-of-weak -Wimplicit-retain-self -Wno-non-virtual-dtor -Wno-overloaded-virtual -Wno-exit-time-destructors -Wduplicate-method-match -Wno-missing-braces -Wparentheses -Wswitch -Wunused-function -Wno-unused-label -Wno-unused-parameter -Wunused-variable -Wunused-value -Wempty-body -Wuninitialized -Wconditional-uninitialized -Wno-unknown-pragmas -Wno-shadow -Wno-four-char-constants -Wno-conversion -Wconstant-conversion -Wint-conversion -Wbool-conversion -Wenum-conversion -Wno-float-conversion -Wnon-literal-null-conversion -Wobjc-literal-conversion -Wshorten-64-to-32 -Wno-newline-eof -Wno-selector -Wno-strict-selector-match -Wundeclared-selector -Wdeprecated-implementations -Wno-c++11-extensions -Wno-implicit-fallthrough -isysroot /Applications/Xcode.app/Contents/Developer/Platforms/MacOSX.platform/Developer/SDKs/MacOSX26.4.sdk -fstrict-aliasing -Wprotocol -Wdeprecated-declarations -Winvalid-offsetof -Wno-sign-conversion -Winfinite-recursion -Wmove -Wcomma -Wblock-capture-autoreleasing -Wstrict-prototypes -Wrange-loop-analysis -Wno-semicolon-before-method-body -Wunguarded-availability -index-store-path /Users/jayjay/Library/Developer/Xcode/DerivedData/TruchieEmu-alcfinswigbcsuemhksixsvdwjda/Index.noindex/DataStore @/Users/jayjay/Library/Developer/Xcode/DerivedData/TruchieEmu-alcfinswigbcsuemhksixsvdwjda/Build/Intermediates.noindex/TruchieEmu.build/Debug/TruchieEmu.build/Objects-normal/arm64/af3fcb34312c57c0f52879cdce924b91-common-args.resp -MMD -MT dependencies -MF /Users/jayjay/Library/Developer/Xcode/DerivedData/TruchieEmu-alcfinswigbcsuemhksixsvdwjda/Build/Intermediates.noindex/TruchieEmu.build/Debug/TruchieEmu.build/Objects-normal/arm64/LibretroProxyManager.d --serialize-diagnostics /Users/jayjay/Library/Developer/Xcode/DerivedData/TruchieEmu-alcfinswigbcsuemhksixsvdwjda/Build/Intermediates.noindex/TruchieEmu.build/Debug/TruchieEmu.build/Objects-normal/arm64/LibretroProxyManager.dia -c /Users/jayjay/gitrepos/truchiemu/TruchieEmu/Engine/LibretroProxyManager.mm -o /Users/jayjay/Library/Developer/Xcode/DerivedData/TruchieEmu-alcfinswigbcsuemhksixsvdwjda/Build/Intermediates.noindex/TruchieEmu.build/Debug/TruchieEmu.build/Objects-normal/arm64/LibretroProxyManager.o -index-unit-output-path /TruchieEmu.build/Debug/TruchieEmu.build/Objects-normal/arm64/LibretroProxyManager.o
/Users/jayjay/gitrepos/truchiemu/TruchieEmu/Engine/LibretroProxyManager.mm:37:13: warning: capturing 'self' strongly in this block is likely to lead to a retain cycle [-Warc-retain-cycles]
   37 |         if (self.failureCallback) {
      |             ^~~~
/Users/jayjay/gitrepos/truchiemu/TruchieEmu/Engine/LibretroProxyManager.mm:35:5: note: block will be retained by an object strongly retained by the captured object
   35 |     self.xpcConnection.invalidationHandler = ^{
      |     ^~~~

SwiftDriver TruchieEmu normal arm64 com.apple.xcode.tools.swift.compiler (in target 'TruchieEmu' from project 'TruchieEmu')
    cd /Users/jayjay/gitrepos/truchiemu
    builtin-SwiftDriver -- /Applications/Xcode.app/Contents/Developer/Toolchains/XcodeDefault.xctoolchain/usr/bin/swiftc -module-name TruchieEmu -Onone @/Users/jayjay/Library/Developer/Xcode/DerivedData/TruchieEmu-alcfinswigbcsuemhksixsvdwjda/Build/Intermediates.noindex/TruchieEmu.build/Debug/TruchieEmu.build/Objects-normal/arm64/TruchieEmu.SwiftFileList -DDEBUG -enable-bare-slash-regex -enable-experimental-feature DebugDescriptionMacro -sdk /Applications/Xcode.app/Contents/Developer/Platforms/MacOSX.platform/Developer/SDKs/MacOSX26.4.sdk -target arm64-apple-macos14.0 -g -module-cache-path /Users/jayjay/Library/Developer/Xcode/DerivedData/ModuleCache.noindex -Xfrontend -serialize-debugging-options -enable-testing -index-store-path /Users/jayjay/Library/Developer/Xcode/DerivedData/TruchieEmu-alcfinswigbcsuemhksixsvdwjda/Index.noindex/DataStore -Xcc -D_LIBCPP_HARDENING_MODE\=_LIBCPP_HARDENING_MODE_DEBUG -swift-version 5 -I /Users/jayjay/Library/Developer/Xcode/DerivedData/TruchieEmu-alcfinswigbcsuemhksixsvdwjda/Build/Products/Debug -F /Users/jayjay/Library/Developer/Xcode/DerivedData/TruchieEmu-alcfinswigbcsuemhksixsvdwjda/Build/Products/Debug -c -j10 -enable-batch-mode -incremental -Xcc -ivfsstatcache -Xcc /Users/jayjay/Library/Developer/Xcode/DerivedData/SDKStatCaches.noindex/macosx26.4-25E236-688ef53f1462e2c8f657fdc38a81448f30f9ca8789b706f8bd3fc906a70d770f.sdkstatcache -output-file-map /Users/jayjay/Library/Developer/Xcode/DerivedData/TruchieEmu-alcfinswigbcsuemhksixsvdwjda/Build/Intermediates.noindex/TruchieEmu.build/Debug/TruchieEmu.build/Objects-normal/arm64/TruchieEmu-OutputFileMap.json -use-frontend-parseable-output -save-temps -no-color-diagnostics -explicit-module-build -module-cache-path /Users/jayjay/Library/Developer/Xcode/DerivedData/TruchieEmu-alcfinswigbcsuemhksixsvdwjda/Build/Intermediates.noindex/SwiftExplicitPrecompiledModules -clang-scanner-module-cache-path /Users/jayjay/Library/Developer/Xcode/DerivedData/ModuleCache.noindex -sdk-module-cache-path /Users/jayjay/Library/Developer/Xcode/DerivedData/ModuleCache.noindex -serialize-diagnostics -emit-dependencies -emit-module -emit-module-path /Users/jayjay/Library/Developer/Xcode/DerivedData/TruchieEmu-alcfinswigbcsuemhksixsvdwjda/Build/Intermediates.noindex/TruchieEmu.build/Debug/TruchieEmu.build/Objects-normal/arm64/TruchieEmu.swiftmodule -validate-clang-modules-once -clang-build-session-file /Users/jayjay/Library/Developer/Xcode/DerivedData/ModuleCache.noindex/Session.modulevalidation -Xcc -I/Users/jayjay/Library/Developer/Xcode/DerivedData/TruchieEmu-alcfinswigbcsuemhksixsvdwjda/Build/Intermediates.noindex/TruchieEmu.build/Debug/TruchieEmu.build/swift-overrides.hmap -emit-const-values -Xfrontend -const-gather-protocols-file -Xfrontend /Users/jayjay/Library/Developer/Xcode/DerivedData/TruchieEmu-alcfinswigbcsuemhksixsvdwjda/Build/Intermediates.noindex/TruchieEmu.build/Debug/TruchieEmu.build/Objects-normal/arm64/TruchieEmu_const_extract_protocols.json -Xcc -iquote -Xcc /Users/jayjay/Library/Developer/Xcode/DerivedData/TruchieEmu-alcfinswigbcsuemhksixsvdwjda/Build/Intermediates.noindex/TruchieEmu.build/Debug/TruchieEmu.build/TruchieEmu-generated-files.hmap -Xcc -I/Users/jayjay/Library/Developer/Xcode/DerivedData/TruchieEmu-alcfinswigbcsuemhksixsvdwjda/Build/Intermediates.noindex/TruchieEmu.build/Debug/TruchieEmu.build/TruchieEmu-own-target-headers.hmap -Xcc -I/Users/jayjay/Library/Developer/Xcode/DerivedData/TruchieEmu-alcfinswigbcsuemhksixsvdwjda/Build/Intermediates.noindex/TruchieEmu.build/Debug/TruchieEmu.build/TruchieEmu-all-target-headers.hmap -Xcc -iquote -Xcc /Users/jayjay/Library/Developer/Xcode/DerivedData/TruchieEmu-alcfinswigbcsuemhksixsvdwjda/Build/Intermediates.noindex/TruchieEmu.build/Debug/TruchieEmu.build/TruchieEmu-project-headers.hmap -Xcc -I/Users/jayjay/Library/Developer/Xcode/DerivedData/TruchieEmu-alcfinswigbcsuemhksixsvdwjda/Build/Products/Debug/include -Xcc -I/Users/jayjay/Library/Developer/Xcode/DerivedData/TruchieEmu-alcfinswigbcsuemhksixsvdwjda/Build/Intermediates.noindex/TruchieEmu.build/Debug/TruchieEmu.build/DerivedSources-normal/arm64 -Xcc -I/Users/jayjay/Library/Developer/Xcode/DerivedData/TruchieEmu-alcfinswigbcsuemhksixsvdwjda/Build/Intermediates.noindex/TruchieEmu.build/Debug/TruchieEmu.build/DerivedSources/arm64 -Xcc -I/Users/jayjay/Library/Developer/Xcode/DerivedData/TruchieEmu-alcfinswigbcsuemhksixsvdwjda/Build/Intermediates.noindex/TruchieEmu.build/Debug/TruchieEmu.build/DerivedSources -Xcc -DDEBUG\=1 -emit-objc-header -emit-objc-header-path /Users/jayjay/Library/Developer/Xcode/DerivedData/TruchieEmu-alcfinswigbcsuemhksixsvdwjda/Build/Intermediates.noindex/TruchieEmu.build/Debug/TruchieEmu.build/Objects-normal/arm64/TruchieEmu-Swift.h -import-objc-header /Users/jayjay/gitrepos/truchiemu/TruchieEmu/Engine/TruchieEmu-Bridging-Header.h -working-directory /Users/jayjay/gitrepos/truchiemu -experimental-emit-module-separately -disable-cmo

** BUILD FAILED **


The following build commands failed:
	CompileC /Users/jayjay/Library/Developer/Xcode/DerivedData/TruchieEmu-alcfinswigbcsuemhksixsvdwjda/Build/Intermediates.noindex/TruchieEmu.build/Debug/TruchieEmu.build/Objects-normal/arm64/LibretroBridge.o /Users/jayjay/gitrepos/truchiemu/TruchieEmu/Engine/LibretroBridge.mm normal arm64 objective-c++ com.apple.compilers.llvm.clang.1_0.compiler (in target 'TruchieEmu' from project 'TruchieEmu')
	Building project TruchieEmu with scheme TruchieEmu
(2 failures)
